===== sáb 06 jul 2024 15:46:55 -05 =====
Arguments: ./Guitar Hero III.msi
===== Variables ====
SHELL=/bin/bash
SESSION_MANAGER=local/cachyos:@/tmp/.ICE-unix/18257,unix/cachyos:/tmp/.ICE-unix/18257
WINDOWID=0
QT_SCREEN_SCALE_FACTORS=eDP-1=1.25;HDMI-1=1.25;DP-1=1.25;DP-2=1.25;DP-3=1.25;DP-4=1.25;DP-5=1.25;DP-6=1.25;
JABBA_HOME=/home/quack/.jabba
COLORTERM=truecolor
XDG_CONFIG_DIRS=/home/quack/.config/kdedefaults:/etc/xdg
XDG_SESSION_PATH=/org/freedesktop/DisplayManager/Session5
XDG_MENU_PREFIX=plasma-
GVM_VERSION=1.0.22
PKG_CONFIG_PATH=/home/quack/.gvm/pkgsets/go1.22.3/global/overlay/lib/pkgconfig:
ICEAUTHORITY=/run/user/1000/iceauth_DuzEka
LANGUAGE=
LC_ADDRESS=es_CO.UTF-8
LC_NAME=es_CO.UTF-8
GVM_PATH_BACKUP=/home/quack/.gvm/bin:/usr/local/sbin:/usr/local/bin:/usr/bin:/opt/android-ndk:/home/quack/.local/share/flatpak/exports/bin:/var/lib/flatpak/exports/bin:/usr/lib/jvm/default/bin:/usr/bin/site_perl:/usr/bin/vendor_perl:/usr/bin/core_perl:/opt/rocm/bin
GOPRIVATE=github.com/Pluto-tv
SHELL_SESSION_ID=a9be01bfd8f940c0bba83a26e0ffb241
MEMORY_PRESSURE_WRITE=c29tZSAyMDAwMDAgMjAwMDAwMAA=
GH_TOKEN=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
DESKTOP_SESSION=plasmax11
LC_MONETARY=es_CO.UTF-8
GTK_RC_FILES=/etc/gtk/gtkrc:/home/quack/.gtkrc:/home/quack/.config/gtkrc
GTK_MODULES=canberra-gtk-module
ANDROID_NDK=/opt/android-ndk
XDG_SEAT=seat0
PWD=/run/media/quack/GHIII
LOGNAME=quack
XDG_SESSION_DESKTOP=KDE
XDG_SESSION_TYPE=x11
SYSTEMD_EXEC_PID=46715
XAUTHORITY=/tmp/xauth_GMCRjf
MOTD_SHOWN=pam
GTK2_RC_FILES=/etc/gtk-2.0/gtkrc:/home/quack/.gtkrc-2.0:/home/quack/.config/gtkrc-2.0
GVM_OVERLAY_PREFIX=/home/quack/.gvm/pkgsets/go1.22.3/global/overlay
HOME=/home/quack
LANG=en_US.UTF-8
LC_PAPER=es_CO.UTF-8
DYLD_LIBRARY_PATH=/home/quack/.gvm/pkgsets/go1.22.3/global/overlay/lib
XDG_CURRENT_DESKTOP=KDE
KONSOLE_DBUS_SERVICE=:1.244
MEMORY_PRESSURE_WATCH=/sys/fs/cgroup/user.slice/user-1000.slice/user@1000.service/app.slice/app-org.kde.dolphin@c357e171a0dc47b88cd2e44258f04eff.service/memory.pressure
gvm_pkgset_name=global
KONSOLE_DBUS_SESSION=/Sessions/1
PROFILEHOME=
XDG_SEAT_PATH=/org/freedesktop/DisplayManager/Seat0
GVM_ROOT=/home/quack/.gvm
INVOCATION_ID=e7363c4064ed4298925223306f559538
KONSOLE_VERSION=240502
MANAGERPID=1713
GOROOT=/home/quack/.gvm/gos/go1.22.3
ANDROID_NDK_HOME=/opt/android-ndk
KDE_SESSION_UID=1000
XDG_SESSION_CLASS=user
LC_IDENTIFICATION=es_CO.UTF-8
TERM=xterm-256color
USER=quack
COLORFGBG=15;0
KDE_SESSION_VERSION=6
PAM_KWALLET5_LOGIN=/run/user/1000/kwallet5.socket
DISPLAY=:0
SHLVL=2
LC_TELEPHONE=es_CO.UTF-8
LC_MEASUREMENT=es_CO.UTF-8
XDG_VTNR=2
XDG_SESSION_ID=7
LD_LIBRARY_PATH=/home/quack/.gvm/pkgsets/go1.22.3/global/overlay/lib
XDG_RUNTIME_DIR=/run/user/1000
DEBUGINFOD_URLS=https://debuginfod.archlinux.org https://debuginfod.cachyos.org 
LC_TIME=es_CO.UTF-8
ANDROID_NDK_ROOT=/opt/android-ndk
QT_AUTO_SCREEN_SCALE_FACTOR=0
JOURNAL_STREAM=9:288257
XDG_DATA_DIRS=/home/quack/.local/share/flatpak/exports/share:/var/lib/flatpak/exports/share:/usr/local/share:/usr/share
KDE_FULL_SESSION=true
PATH=/home/quack/.gvm/pkgsets/go1.22.3/global/bin:/home/quack/.gvm/gos/go1.22.3/bin:/home/quack/.gvm/pkgsets/go1.22.3/global/overlay/bin:/home/quack/.gvm/bin:/usr/local/sbin:/usr/local/bin:/usr/bin:/opt/android-ndk:/home/quack/.local/share/flatpak/exports/bin:/var/lib/flatpak/exports/bin:/usr/lib/jvm/default/bin:/usr/bin/site_perl:/usr/bin/vendor_perl:/usr/bin/core_perl:/opt/rocm/bin:/home/quack/.local/bin
DBUS_SESSION_BUS_ADDRESS=unix:path=/run/user/1000/bus
KDE_APPLICATIONS_AS_SCOPE=1
MAIL=/var/spool/mail/quack
gvm_go_name=go1.22.3
LC_NUMERIC=es_CO.UTF-8
OLDPWD=/var/mnt/kingston_d57c/Proton
GOPATH=/home/quack/.gvm/pkgsets/go1.22.3/global
_=/usr/bin/env
===== Execution =====
Using umu-run utility
GAMEID=default umu-run /run/media/quack/GHIII/Guitar Hero III.msi
